2012/02/18 08:08:37 [error] [php] date(): It is not safe to rely on the system's timezone settings. You are *required* to use the date.timezone setting or the date_default_timezone_set() function. In case you used any of those methods and you are still getting this warning, you most likely misspelled the timezone identifier. We selected 'Europe/Moscow' for 'MSK/4.0/no DST' instead (/home/pavel/repos/yii/p2k/protected/views/layouts/main.php:50)
Stack trace:
#0 /home/pavel/repos/yii/framework/web/CBaseController.php(96): SiteController->renderInternal()
#1 /home/pavel/repos/yii/framework/web/widgets/CContentDecorator.php(77): SiteController->renderFile()
#2 /home/pavel/repos/yii/framework/web/widgets/CContentDecorator.php(55): CContentDecorator->decorate()
#3 /home/pavel/repos/yii/framework/web/widgets/COutputProcessor.php(45): CContentDecorator->processOutput()
#4 /home/pavel/repos/yii/framework/web/CBaseController.php(207): CContentDecorator->run()
#5 /home/pavel/repos/yii/framework/web/CBaseController.php(301): SiteController->endWidget()
#6 /home/pavel/repos/yii/p2k/protected/views/layouts/column1.php(5): SiteController->endContent()
#7 /home/pavel/repos/yii/framework/web/CBaseController.php(127): require()
#8 /home/pavel/repos/yii/framework/web/CBaseController.php(96): SiteController->renderInternal()
#9 /home/pavel/repos/yii/framework/web/CController.php(785): SiteController->renderFile()
#10 /home/pavel/repos/yii/p2k/protected/controllers/SiteController.php(32): SiteController->render()
#11 /home/pavel/repos/yii/framework/web/actions/CInlineAction.php(50): SiteController->actionIndex()
#12 /home/pavel/repos/yii/framework/web/CController.php(309): CInlineAction->runWithParams()
#13 /home/pavel/repos/yii/framework/web/CController.php(287): SiteController->runAction()
#14 /home/pavel/repos/yii/framework/web/CController.php(266): SiteController->runActionWithFilters()
#15 /home/pavel/repos/yii/framework/web/CWebApplication.php(276): SiteController->run()
#16 /home/pavel/repos/yii/framework/web/CWebApplication.php(135): CWebApplication->runController()
#17 /home/pavel/repos/yii/framework/base/CApplication.php(162): CWebApplication->processRequest()
#18 /home/pavel/repos/yii/p2k/index.php(13): CWebApplication->run()
REQUEST_URI=/
in /home/pavel/repos/yii/p2k/protected/views/layouts/main.php (50)
in /home/pavel/repos/yii/p2k/protected/views/layouts/column1.php (5)
in /home/pavel/repos/yii/p2k/protected/controllers/SiteController.php (32)
